[debug] [2017-10-18T16:22:16.641Z] ----------------------------------------------------------------------
[debug] [2017-10-18T16:22:16.643Z] Command:       /usr/local/bin/node /usr/local/bin/firebase deploy
[debug] [2017-10-18T16:22:16.644Z] CLI Version:   3.13.1
[debug] [2017-10-18T16:22:16.644Z] Platform:      darwin
[debug] [2017-10-18T16:22:16.644Z] Node Version:  v6.11.3
[debug] [2017-10-18T16:22:16.645Z] Time:          Wed Oct 18 2017 17:22:16 GMT+0100 (BST)
[debug] [2017-10-18T16:22:16.645Z] ----------------------------------------------------------------------
[debug] 
[debug] [2017-10-18T16:22:16.660Z] > command requires scopes: ["email","openid","https://www.googleapis.com/auth/cloudplatformprojects.readonly","https://www.googleapis.com/auth/firebase","https://www.googleapis.com/auth/cloud-platform"]
[debug] [2017-10-18T16:22:16.660Z] > authorizing via signed-in user
[debug] [2017-10-18T16:22:16.663Z] >>> HTTP REQUEST GET https://admin.firebase.com/v1/projects/temperature-monitor-pi  
 Wed Oct 18 2017 17:22:16 GMT+0100 (BST)
[debug] [2017-10-18T16:22:17.296Z] <<< HTTP RESPONSE 200
[debug] [2017-10-18T16:22:17.297Z] >>> HTTP REQUEST GET https://admin.firebase.com/v1/database/temperature-monitor-pi/tokens  
 Wed Oct 18 2017 17:22:17 GMT+0100 (BST)
[debug] [2017-10-18T16:22:18.035Z] <<< HTTP RESPONSE 200
[info] 2
[info] 
[info] === Deploying to 'temperature-monitor-pi'...
[info] 
[info] i  deploying functions, hosting
[debug] [2017-10-18T16:22:19.058Z] > [functions] package.json contents: {
  "name": "functions",
  "description": "Cloud Functions for Firebase",
  "dependencies": {
    "firebase-admin": "~5.4.0",
    "firebase-functions": "^0.7.0",
    "gmail": "0.5.0",
    "nodemailer": "4.2.0"
  },
  "private": true
}
[info] i  functions: ensuring necessary APIs are enabled...
[info] i  runtimeconfig: ensuring necessary APIs are enabled...
[debug] [2017-10-18T16:22:19.061Z] >>> HTTP REQUEST GET https://servicemanagement.googleapis.com/v1/services/cloudfunctions.googleapis.com/projectSettings/temperature-monitor-pi?view=CONSUMER_VIEW  
 Wed Oct 18 2017 17:22:19 GMT+0100 (BST)
[debug] [2017-10-18T16:22:19.061Z] >>> HTTP REQUEST GET https://servicemanagement.googleapis.com/v1/services/runtimeconfig.googleapis.com/projectSettings/temperature-monitor-pi?view=CONSUMER_VIEW  
 Wed Oct 18 2017 17:22:19 GMT+0100 (BST)
[debug] [2017-10-18T16:22:20.123Z] <<< HTTP RESPONSE 200
[info] ✔  runtimeconfig: all necessary APIs are enabled
[debug] [2017-10-18T16:22:20.129Z] <<< HTTP RESPONSE 200
[info] ✔  functions: all necessary APIs are enabled
[debug] [2017-10-18T16:22:20.131Z] >>> HTTP REQUEST GET https://appengine.googleapis.com/v1/apps/temperature-monitor-pi  
 Wed Oct 18 2017 17:22:20 GMT+0100 (BST)
[debug] [2017-10-18T16:22:20.132Z] >>> HTTP REQUEST GET https://apikeys.googleapis.com/v1/projects/temperature-monitor-pi/apiKeys  
 Wed Oct 18 2017 17:22:20 GMT+0100 (BST)
[debug] [2017-10-18T16:22:20.846Z] <<< HTTP RESPONSE 200
[debug] [2017-10-18T16:22:20.871Z] <<< HTTP RESPONSE 200
[info] i  functions: preparing functions directory for uploading...
[debug] [2017-10-18T16:22:37.143Z] >>> HTTP REQUEST GET https://runtimeconfig.googleapis.com/v1beta1/projects/temperature-monitor-pi/configs  
 Wed Oct 18 2017 17:22:37 GMT+0100 (BST)
[debug] [2017-10-18T16:22:37.309Z] <<< HTTP RESPONSE 200
[info] i  functions: packaged functions (1.71 KB) for uploading
[debug] [2017-10-18T16:22:41.323Z] >>> HTTP REQUEST GET https://www.googleapis.com/storage/v1/b/staging.temperature-monitor-pi.appspot.com  
 Wed Oct 18 2017 17:22:41 GMT+0100 (BST)
[debug] [2017-10-18T16:22:41.904Z] <<< HTTP RESPONSE 200
[debug] [2017-10-18T16:22:41.905Z] >>> HTTP REQUEST POST https://www.googleapis.com/upload/storage/v1/b/staging.temperature-monitor-pi.appspot.com/o?uploadType=media&name=firebase-functions-source ReadStream {
  _readableState: 
   ReadableState {
     objectMode: false,
     highWaterMark: 65536,
     buffer: BufferList { head: [Object], tail: [Object], length: 1 },
     length: 1748,
     pipes: null,
     pipesCount: 0,
     flowing: null,
     ended: true,
     endEmitted: false,
     reading: false,
     sync: false,
     needReadable: false,
     emittedReadable: true,
     readableListening: false,
     resumeScheduled: false,
     defaultEncoding: 'utf8',
     ranOut: false,
     awaitDrain: 0,
     readingMore: false,
     decoder: null,
     encoding: null },
  readable: true,
  domain: null,
  _events: { end: [Function] },
  _eventsCount: 1,
  _maxListeners: undefined,
  path: '/var/folders/1p/3q07k9rd6b376y5qd5kx1rdm0000gn/T/firebase-functions-4613r607CiDq4Ehc.zip',
  fd: 19,
  flags: 'r',
  mode: 438,
  start: undefined,
  end: undefined,
  autoClose: true,
  pos: undefined,
  bytesRead: 1748 } 
 Wed Oct 18 2017 17:22:41 GMT+0100 (BST)
[debug] [2017-10-18T16:22:43.737Z] <<< HTTP RESPONSE 200
[info] ✔  functions: functions folder uploaded successfully
[info] i  hosting: preparing public directory for upload...
[debug] [2017-10-18T16:22:43.762Z] >>> HTTP REQUEST PUT https://deploy.firebase.com/v1/hosting/temperature-monitor-pi/uploads/-KwkHja7CiWhNO0A2-rc?fileCount=2&message=  
 Wed Oct 18 2017 17:22:43 GMT+0100 (BST)
[debug] [2017-10-18T16:22:45.189Z] <<< HTTP RESPONSE 200
[debug] [2017-10-18T16:22:45.190Z] [hosting] .tgz uploaded successfully, waiting for extraction
[info] ✔  hosting: 2 files uploaded successfully
[info] i  starting release process (may take several minutes)...
[debug] [2017-10-18T16:22:45.927Z] >>> HTTP REQUEST GET https://cloudfunctions.googleapis.com/v1beta2/projects/temperature-monitor-pi/locations/us-central1/functions  
 Wed Oct 18 2017 17:22:45 GMT+0100 (BST)
[debug] [2017-10-18T16:22:46.209Z] <<< HTTP RESPONSE 200
[info] i  functions: updating function checkVal...
[debug] [2017-10-18T16:22:46.214Z] Trigger is: 
[debug] [2017-10-18T16:22:46.215Z] >>> HTTP REQUEST PUT https://cloudfunctions.googleapis.com/v1beta2/projects/temperature-monitor-pi/locations/us-central1/functions/checkVal { sourceArchiveUrl: 'gs://staging.temperature-monitor-pi.appspot.com/firebase-functions-source',
  name: 'projects/temperature-monitor-pi/locations/us-central1/functions/checkVal',
  entryPoint: 'checkVal',
  timeout: '60s',
  availableMemoryMb: 256,
  eventTrigger: 
   { resource: 'projects/_/instances/temperature-monitor-pi/refs/temperature/{pushID}',
     eventType: 'providers/google.firebase.database/eventTypes/ref.create' } } 
 Wed Oct 18 2017 17:22:46 GMT+0100 (BST)
[debug] [2017-10-18T16:22:46.547Z] <<< HTTP RESPONSE 200
[debug] [2017-10-18T16:22:46.551Z] >>> HTTP REQUEST GET https://cloudfunctions.googleapis.com/v1beta2/projects/temperature-monitor-pi/locations/us-central1/functions  
 Wed Oct 18 2017 17:22:46 GMT+0100 (BST)
[debug] [2017-10-18T16:22:46.552Z] >>> HTTP REQUEST GET https://cloudfunctions.googleapis.com/v1beta2/operations/dGVtcGVyYXR1cmUtbW9uaXRvci1waS91cy1jZW50cmFsMS9jaGVja1ZhbC93UVgyVlp3aXI3dw  
 Wed Oct 18 2017 17:22:46 GMT+0100 (BST)
[debug] [2017-10-18T16:22:46.753Z] <<< HTTP RESPONSE 200
[debug] [2017-10-18T16:22:47.802Z] <<< HTTP RESPONSE 200
[debug] [2017-10-18T16:22:47.803Z] [functions] operation poll: checkVal: update operations/dGVtcGVyYXR1cmUtbW9uaXRvci1waS91cy1jZW50cmFsMS9jaGVja1ZhbC93UVgyVlp3aXI3dw is not done.
[debug] [2017-10-18T16:44:01.203Z] >>> HTTP REQUEST GET https://cloudfunctions.googleapis.com/v1beta2/operations/dGVtcGVyYXR1cmUtbW9uaXRvci1waS91cy1jZW50cmFsMS9jaGVja1ZhbC93UVgyVlp3aXI3dw  
 Wed Oct 18 2017 17:44:01 GMT+0100 (BST)
[debug] [2017-10-18T16:44:01.206Z] [functions] failed to get status of operation: operations/dGVtcGVyYXR1cmUtbW9uaXRvci1waS91cy1jZW50cmFsMS9jaGVja1ZhbC93UVgyVlp3aXI3dw
[debug] [2017-10-18T16:44:01.207Z] [functions] Server Error. getaddrinfo ENOTFOUND cloudfunctions.googleapis.com cloudfunctions.googleapis.com:443
[warn] ⚠  functions: failed to get status of 1 operation(s).
[warn] ⚠  functions: run firebase functions:log in a few minutes to ensure that your functions deployed properly.
[debug] [2017-10-18T16:44:01.214Z] >>> HTTP REQUEST POST https://deploy.firebase.com/v1/projects/temperature-monitor-pi/releases { hosting: 
   { public: 'public',
     ignore: [ 'firebase.json', '**/.*', '**/node_modules/**' ],
     rewrites: [ [Object] ],
     version: '-KwkHja7CiWhNO0A2-rc',
     prefix: '-KwkHja7CiWhNO0A2-rc/',
     manifest: [] } } 
 Wed Oct 18 2017 17:44:01 GMT+0100 (BST)
[debug] [2017-10-18T16:44:01.228Z] Error: getaddrinfo ENOTFOUND deploy.firebase.com deploy.firebase.com:443
    at errnoException (dns.js:28:10)
    at GetAddrInfoReqWrap.onlookup [as oncomplete] (dns.js:76:26)
[error] 
[error] Error: Server Error. getaddrinfo ENOTFOUND deploy.firebase.com deploy.firebase.com:443
